0 info it worked if it ends with ok
1 verbose cli [ '/Users/henry.young/.nvm/versions/node/v6.7.0/bin/node',
1 verbose cli   '/Users/henry.young/.nvm/versions/node/v6.7.0/bin/npm',
1 verbose cli   'publish' ]
2 info using npm@4.1.1
3 info using node@v6.7.0
4 verbose publish [ '.' ]
5 silly cache add args [ '.', null ]
6 verbose cache add spec .
7 silly cache add parsed spec Result {
7 silly cache add   raw: '.',
7 silly cache add   scope: null,
7 silly cache add   escapedName: null,
7 silly cache add   name: null,
7 silly cache add   rawSpec: '.',
7 silly cache add   spec: '/Users/henry.young/ff/featureflow-javascript-sdk',
7 silly cache add   type: 'directory' }
8 verbose addLocalDirectory /Users/henry.young/.npm/featureflow-client/0.0.4/package.tgz not in flight; packing
9 verbose correctMkdir /Users/henry.young/.npm correctMkdir not in flight; initializing
10 warn prepublish-on-install As of npm@5, `prepublish` scripts will run only for `npm publish`.
11 warn prepublish-on-install (In npm@4 and previous versions, it also runs for `npm install`.)
12 warn prepublish-on-install See the deprecation note in `npm help scripts` for more information.
13 info lifecycle featureflow-client@0.0.4~prepublish: featureflow-client@0.0.4
14 verbose lifecycle featureflow-client@0.0.4~prepublish: unsafe-perm in lifecycle true
15 verbose lifecycle featureflow-client@0.0.4~prepublish: PATH: /Users/henry.young/.nvm/versions/node/v6.7.0/lib/node_modules/npm/bin/node-gyp-bin:/Users/henry.young/ff/featureflow-javascript-sdk/node_modules/.bin:/Users/henry.young/.nvm/versions/node/v6.7.0/bin:/usr/local/bin:/usr/bin:/bin:/usr/sbin:/sbin:/opt/X11/bin:/usr/local/git/bin:/Users/henry.young/tools/apache-maven-3.3.3/bin:/usr/local/opt/rabbitmq/sbin/:/Users/henry.young/bin
16 verbose lifecycle featureflow-client@0.0.4~prepublish: CWD: /Users/henry.young/ff/featureflow-javascript-sdk
17 silly lifecycle featureflow-client@0.0.4~prepublish: Args: [ '-c', 'node ./scripts/build.js' ]
18 silly lifecycle featureflow-client@0.0.4~prepublish: Returned: code: 0  signal: null
19 info lifecycle featureflow-client@0.0.4~prepare: featureflow-client@0.0.4
20 silly lifecycle featureflow-client@0.0.4~prepare: no script for prepare, continuing
21 verbose tar pack [ '/Users/henry.young/.npm/featureflow-client/0.0.4/package.tgz',
21 verbose tar pack   '/Users/henry.young/ff/featureflow-javascript-sdk' ]
22 verbose tarball /Users/henry.young/.npm/featureflow-client/0.0.4/package.tgz
23 verbose folder /Users/henry.young/ff/featureflow-javascript-sdk
24 verbose addLocalTarball adding from inside cache /Users/henry.young/.npm/featureflow-client/0.0.4/package.tgz
25 verbose correctMkdir /Users/henry.young/.npm correctMkdir not in flight; initializing
26 silly cache afterAdd featureflow-client@0.0.4
27 verbose afterAdd /Users/henry.young/.npm/featureflow-client/0.0.4/package/package.json not in flight; writing
28 verbose correctMkdir /Users/henry.young/.npm correctMkdir not in flight; initializing
29 verbose afterAdd /Users/henry.young/.npm/featureflow-client/0.0.4/package/package.json written
30 silly publish { name: 'featureflow-client',
30 silly publish   version: '0.0.4',
30 silly publish   description: 'Featureflow Javascipt Client',
30 silly publish   author: { name: 'Featureflow', email: 'featureflow@featureflow.io' },
30 silly publish   license: 'Apache-2.0',
30 silly publish   keywords: [ 'featureflow', 'feature', 'analytics', 'client' ],
30 silly publish   files: [ 'dist' ],
30 silly publish   repository:
30 silly publish    { type: 'git',
30 silly publish      url: 'git+https://github.com/featureflow/featureflow-javascript-sdk.git' },
30 silly publish   main: 'dist/featureflow',
30 silly publish   scripts:
30 silly publish    { 'build-lib': 'webpack src/index.js dist/featureflow.js',
30 silly publish      'build-min': 'webpack -p src/index.js dist/featureflow.min.js',
30 silly publish      build: 'node ./scripts/build.js',
30 silly publish      watch: 'webpack --watch src/index.js dist/featureflow.js',
30 silly publish      test: 'karma start --single-run',
30 silly publish      'test:watch': 'karma start --auto-watch --reporters=dots',
30 silly publish      prepublish: 'node ./scripts/build.js',
30 silly publish      flow: 'flow',
30 silly publish      example: 'webpack-dev-server --config ./example/webpack.config.js --content-base example/ --inline --port 8182' },
30 silly publish   devDependencies:
30 silly publish    { babel: '^6.23.0',
30 silly publish      'babel-core': '^6.23.1',
30 silly publish      'babel-loader': '^6.3.0',
30 silly publish      'babel-plugin-transform-flow-strip-types': '^6.22.0',
30 silly publish      'babel-plugin-transform-object-rest-spread': '^6.23.0',
30 silly publish      'babel-preset-es2015': '^6.22.0',
30 silly publish      chai: '3.5.0',
30 silly publish      'css-loader': '^0.26.1',
30 silly publish      'extract-text-webpack-plugin': '^1.0.1',
30 silly publish      'file-loader': '^0.10.0',
30 silly publish      'flow-bin': '^0.39.0',
30 silly publish      'html-webpack-plugin': '^2.28.0',
30 silly publish      'gzip-size': '3.0.0',
30 silly publish      'in-publish': '2.0.0',
30 silly publish      karma: '0.13.22',
30 silly publish      'karma-chai': '0.1.0',
30 silly publish      'karma-chrome-launcher': '1.0.1',
30 silly publish      'karma-mocha': '1.0.1',
30 silly publish      'karma-mocha-reporter': '2.0.4',
30 silly publish      'karma-phantomjs-launcher': '0.2.1',
30 silly publish      'karma-phantomjs-shim': '1.1.2',
30 silly publish      'karma-sinon': '1.0.5',
30 silly publish      'karma-sourcemap-loader': '0.3.7',
30 silly publish      'karma-webpack': '2.0.2',
30 silly publish      mocha: '2.5.3',
30 silly publish      phantomjs: '1.9.18',
30 silly publish      'pretty-bytes': '3.0.1',
30 silly publish      'readline-sync': '1.4.4',
30 silly publish      'semver-compare': '^1.0.0',
30 silly publish      sinon: '1.17.4',
30 silly publish      'style-loader': '^0.13.1',
30 silly publish      webpack: '2.2.1',
30 silly publish      'webpack-dev-server': '^2.3.0' },
30 silly publish   dependencies:
30 silly publish    { Base64: '1.0.0',
30 silly publish      'escape-string-regexp': '1.0.5',
30 silly publish      sizzle: '2.3.0' },
30 silly publish   readme: '# featureflow-client\n\n[![][npm-img]][npm-url]\n\n[![][dependency-img]][dependency-url]\n\n> Featureflow Javascript Client SDK\n\n## JS Bin Demo\n\nhttp://jsbin.com/mulocir/1/edit?js,output\n\n## Change Log\n\nPlease see [CHANGELOG](https://github.com/featureflow/featureflow-javascript-sdk/blob/master/CHANGELOG.md).\n\n## Installation\n\n```bash\n$ npm install --save featureflow-client\n```\n\n## Usage\n\n### Adding The Featureflow\n\nInclude `featureflow.js` in your HTML file, which exposes the global variable `Featureflow`\n```html\n<script crossorigin="anonymous" src="https://controls.featureflow.io/featureflow.js"></script>\n```\n\nIf you are using `webpack`, you can require the code using\n```js\nvar Featureflow = require(\'featureflow-client\');\n```\nor using es6 syntax\n```js\nimport Featureflow from \'featureflow-client\';\n```\n\n### Quick start\n\nGet your environment\'s Featureflow Javascript API key and initialise the Featureflow client\n\n```js\nvar FF_JS_API_KEY = \'<Your javascript api key goes here>\';\n//...\nvar featureflow = Featureflow.init(FF_JS_API_KEY);\n```\n\nThis will load the value of each feature for the current environment specified by the api key. These values can be toggled on and off at `https://<your-org-key>.featureflow.io` \n\nIn your code, this is how you test the value of your feature where the value of `my-feature-key` is `on`\n\n```js\n  var KEY_DEFAULT = \'off\';\n  \n  if(featureflow.evaluate(\'my-feature-key\', KEY_DEFAULT) === \'off\'){\n  \tconsole.warn(\'This should not be run!\');\n  }\n  \n  if(featureflow.evaluate(\'my-feature-key\', KEY_DEFAULT) === \'on\'){\n  \talert(\'The feature is enabled, I should be seen!\');\n  }\n```\n\nFurther more documentation can be found [here](http://docs.featureflow.io/docs)\n\n## License\n\nApache-2.0\n\n[npm-url]: https://nodei.co/npm/featureflow-client\n[npm-img]: https://nodei.co/npm/featureflow-client.png\n\n[dependency-url]: https://www.featureflow.io\n[dependency-img]: https://www.featureflow.io/wp-content/uploads/2016/12/featureflow-web.png',
30 silly publish   readmeFilename: 'README.md',
30 silly publish   gitHead: 'ae734b8d7a2b75e3f4785f9bcaf39bb786ba7caa',
30 silly publish   bugs: { url: 'https://github.com/featureflow/featureflow-javascript-sdk/issues' },
30 silly publish   homepage: 'https://github.com/featureflow/featureflow-javascript-sdk#readme',
30 silly publish   _id: 'featureflow-client@0.0.4',
30 silly publish   _shasum: '2c5009daa7ff88542ba8d170dcc60c9c3a14edcc',
30 silly publish   _from: '.' }
31 info lifecycle featureflow-client@0.0.4~prepublishOnly: featureflow-client@0.0.4
32 silly lifecycle featureflow-client@0.0.4~prepublishOnly: no script for prepublishOnly, continuing
33 verbose getPublishConfig undefined
34 silly mapToRegistry name featureflow-client
35 silly mapToRegistry using default registry
36 silly mapToRegistry registry https://registry.npmjs.org/
37 silly mapToRegistry data Result {
37 silly mapToRegistry   raw: 'featureflow-client',
37 silly mapToRegistry   scope: null,
37 silly mapToRegistry   escapedName: 'featureflow-client',
37 silly mapToRegistry   name: 'featureflow-client',
37 silly mapToRegistry   rawSpec: '',
37 silly mapToRegistry   spec: 'latest',
37 silly mapToRegistry   type: 'tag' }
38 silly mapToRegistry uri https://registry.npmjs.org/featureflow-client
39 verbose publish registryBase https://registry.npmjs.org/
40 silly publish uploading /Users/henry.young/.npm/featureflow-client/0.0.4/package.tgz
41 verbose request uri https://registry.npmjs.org/featureflow-client
42 verbose request sending authorization for write operation
43 info attempt registry request try #1 at 12:42:56 PM
44 verbose request using bearer token for auth
45 verbose request id 8f5548438fc43dae
46 http request PUT https://registry.npmjs.org/featureflow-client
47 http 403 https://registry.npmjs.org/featureflow-client
48 verbose headers { 'content-type': 'application/json',
48 verbose headers   'cache-control': 'max-age=300',
48 verbose headers   'content-length': '95',
48 verbose headers   'accept-ranges': 'bytes',
48 verbose headers   date: 'Thu, 16 Feb 2017 01:42:28 GMT',
48 verbose headers   via: '1.1 varnish',
48 verbose headers   connection: 'keep-alive',
48 verbose headers   'x-served-by': 'cache-syd1622-SYD',
48 verbose headers   'x-cache': 'MISS',
48 verbose headers   'x-cache-hits': '0',
48 verbose headers   'x-timer': 'S1487209347.316796,VS0,VE816',
48 verbose headers   vary: 'Accept-Encoding' }
49 verbose request invalidating /Users/henry.young/.npm/registry.npmjs.org/featureflow-client on PUT
50 error publish Failed PUT 403
51 verbose stack Error: "You cannot publish over the previously published version 0.0.4." : featureflow-client
51 verbose stack     at makeError (/Users/henry.young/.nvm/versions/node/v6.7.0/lib/node_modules/npm/node_modules/npm-registry-client/lib/request.js:304:12)
51 verbose stack     at CachingRegistryClient.<anonymous> (/Users/henry.young/.nvm/versions/node/v6.7.0/lib/node_modules/npm/node_modules/npm-registry-client/lib/request.js:292:14)
51 verbose stack     at Request._callback (/Users/henry.young/.nvm/versions/node/v6.7.0/lib/node_modules/npm/node_modules/npm-registry-client/lib/request.js:212:14)
51 verbose stack     at Request.self.callback (/Users/henry.young/.nvm/versions/node/v6.7.0/lib/node_modules/npm/node_modules/request/request.js:186:22)
51 verbose stack     at emitTwo (events.js:106:13)
51 verbose stack     at Request.emit (events.js:191:7)
51 verbose stack     at Request.<anonymous> (/Users/henry.young/.nvm/versions/node/v6.7.0/lib/node_modules/npm/node_modules/request/request.js:1081:10)
51 verbose stack     at emitOne (events.js:96:13)
51 verbose stack     at Request.emit (events.js:188:7)
51 verbose stack     at IncomingMessage.<anonymous> (/Users/henry.young/.nvm/versions/node/v6.7.0/lib/node_modules/npm/node_modules/request/request.js:1001:12)
52 verbose statusCode 403
53 verbose pkgid featureflow-client
54 verbose cwd /Users/henry.young/ff/featureflow-javascript-sdk
55 error Darwin 16.3.0
56 error argv "/Users/henry.young/.nvm/versions/node/v6.7.0/bin/node" "/Users/henry.young/.nvm/versions/node/v6.7.0/bin/npm" "publish"
57 error node v6.7.0
58 error npm  v4.1.1
59 error code E403
60 error "You cannot publish over the previously published version 0.0.4." : featureflow-client
61 error If you need help, you may report this error at:
61 error     <https://github.com/npm/npm/issues>
62 verbose exit [ 1, true ]
